[2025-05-17 16:39:24] id:1 仕様定義書を参照して実装を開始してください。ただし、以下の条件を必ず守ってください。
- 一度のファイル変更はできるだけ少なくする。
- 変更ごとにGit commitが行えるようにする
- 仕様定義書のプロンプトルールに従う
[2025-05-17 15:07:00] id:2 仕様定義書を参照して実装を開始してください。ただし、以下の条件を必ず守ってください。
- 一度のファイル変更はできるだけ少なくする。
- 変更ごとにGit commitが行えるようにする
- 仕様定義書のプロンプトルールに従う
[2025-05-17 17:27:00] id:3 仕様定義書に従い、テストコードを書いて実行してください。
[2025-05-17 17:44:00] id:4 仕様定義書に従い、テストコードを実行してアプリケーションを修正してください。
また、変更のたびにコミットしてください。
[2025-05-17 17:48:00] id:5 仕様定義書に従い、テストコードを実行してアプリケーションを修正してください。
また、変更のたびにコミットしてください。
[2025-05-17 17:57:00] id:5 仕様定義書に従い、テストコードを実行してアプリケーションを修正してください。
また、変更のたびにコミットしてください。
[2025-05-17 18:12:00] id:6 仕様定義書に従い、テストコードを実行してアプリケーションを修正してください。
また、変更のたびにコミットしてください。
[2025-05-25 11:01:00] id:7 main.test.js をテストを実行しながら修正してください。
[2025-05-25 11:10:00] id:8 テストを実行しながら、main.test.js を修正してください。なお、Jest (jsdom) では document.addEventListener('DOMContentLoaded') は自動的に実行されないことに留意してください
[2025-05-25 11:30:00] id:9 テストを実行して必要があれば修正してください